{"/Users/victor/cigam-desafio/calculadora/src/App.jsx": {"path":"/Users/victor/cigam-desafio/calculadora/src/App.jsx","all":false,"statementMap":{"0":{"start":{"line":1,"column":0},"end":{"line":1,"column":61}},"1":{"start":{"line":2,"column":0},"end":{"line":2,"column":0}},"2":{"start":{"line":3,"column":0},"end":{"line":3,"column":26}},"3":{"start":{"line":4,"column":0},"end":{"line":4,"column":10}},"4":{"start":{"line":5,"column":0},"end":{"line":5,"column":84}},"5":{"start":{"line":6,"column":0},"end":{"line":6,"column":100}},"6":{"start":{"line":7,"column":0},"end":{"line":7,"column":24}},"7":{"start":{"line":8,"column":0},"end":{"line":8,"column":10}},"8":{"start":{"line":9,"column":0},"end":{"line":9,"column":4}},"9":{"start":{"line":10,"column":0},"end":{"line":10,"column":2}}},"s":{"0":1,"1":1,"2":1,"3":9,"4":9,"5":9,"6":9,"7":9,"8":9,"9":9},"branchMap":{"0":{"type":"branch","line":3,"loc":{"start":{"line":3,"column":19},"end":{"line":10,"column":2}},"locations":[{"start":{"line":3,"column":19},"end":{"line":10,"column":2}}]},"1":{"type":"branch","line":10,"loc":{"start":{"line":10,"column":1},"end":{"line":10,"column":2}},"locations":[{"start":{"line":10,"column":1},"end":{"line":10,"column":2}}]}},"b":{"0":[9],"1":[9]},"fnMap":{"0":{"name":"App","decl":{"start":{"line":3,"column":19},"end":{"line":10,"column":2}},"loc":{"start":{"line":3,"column":19},"end":{"line":10,"column":2}},"line":3},"1":{"name":"get","decl":{"start":{"line":10,"column":1},"end":{"line":10,"column":2}},"loc":{"start":{"line":10,"column":1},"end":{"line":10,"column":2}},"line":10}},"f":{"0":9,"1":9}}
,"/Users/victor/cigam-desafio/calculadora/src/components/ButtonOperation.jsx": {"path":"/Users/victor/cigam-desafio/calculadora/src/components/ButtonOperation.jsx","all":false,"statementMap":{"0":{"start":{"line":1,"column":0},"end":{"line":1,"column":47}},"1":{"start":{"line":2,"column":0},"end":{"line":2,"column":0}},"2":{"start":{"line":3,"column":0},"end":{"line":3,"column":29}},"3":{"start":{"line":4,"column":0},"end":{"line":4,"column":31}},"4":{"start":{"line":5,"column":0},"end":{"line":5,"column":33}},"5":{"start":{"line":6,"column":0},"end":{"line":6,"column":34}},"6":{"start":{"line":7,"column":0},"end":{"line":7,"column":4}},"7":{"start":{"line":8,"column":0},"end":{"line":8,"column":0}},"8":{"start":{"line":9,"column":0},"end":{"line":9,"column":31}},"9":{"start":{"line":10,"column":0},"end":{"line":10,"column":48}},"10":{"start":{"line":11,"column":0},"end":{"line":11,"column":4}},"11":{"start":{"line":12,"column":0},"end":{"line":12,"column":2}},"12":{"start":{"line":13,"column":0},"end":{"line":13,"column":10}},"13":{"start":{"line":14,"column":0},"end":{"line":14,"column":11}},"14":{"start":{"line":15,"column":0},"end":{"line":15,"column":22}},"15":{"start":{"line":16,"column":0},"end":{"line":16,"column":71}},"16":{"start":{"line":17,"column":0},"end":{"line":17,"column":9}},"17":{"start":{"line":18,"column":0},"end":{"line":18,"column":7}},"18":{"start":{"line":19,"column":0},"end":{"line":19,"column":70}},"19":{"start":{"line":20,"column":0},"end":{"line":20,"column":7}},"20":{"start":{"line":21,"column":0},"end":{"line":21,"column":31}},"21":{"start":{"line":22,"column":0},"end":{"line":22,"column":15}},"22":{"start":{"line":23,"column":0},"end":{"line":23,"column":4}},"23":{"start":{"line":24,"column":0},"end":{"line":24,"column":2}}},"s":{"0":1,"1":105,"2":105,"3":0,"4":0,"5":0,"6":0,"7":105,"8":105,"9":4,"10":4,"11":105,"12":105,"13":105,"14":105,"15":4,"16":4,"17":105,"18":105,"19":105,"20":105,"21":105,"22":105,"23":105},"branchMap":{"0":{"type":"branch","line":1,"loc":{"start":{"line":1,"column":32},"end":{"line":24,"column":2}},"locations":[{"start":{"line":1,"column":32},"end":{"line":24,"column":2}}]},"1":{"type":"branch","line":9,"loc":{"start":{"line":9,"column":24},"end":{"line":11,"column":4}},"locations":[{"start":{"line":9,"column":24},"end":{"line":11,"column":4}}]},"2":{"type":"branch","line":15,"loc":{"start":{"line":15,"column":15},"end":{"line":17,"column":9}},"locations":[{"start":{"line":15,"column":15},"end":{"line":17,"column":9}}]},"3":{"type":"branch","line":16,"loc":{"start":{"line":16,"column":32},"end":{"line":16,"column":55}},"locations":[{"start":{"line":16,"column":32},"end":{"line":16,"column":55}}]},"4":{"type":"branch","line":24,"loc":{"start":{"line":24,"column":1},"end":{"line":24,"column":2}},"locations":[{"start":{"line":24,"column":1},"end":{"line":24,"column":2}}]}},"b":{"0":[105],"1":[4],"2":[4],"3":[0],"4":[105]},"fnMap":{"0":{"name":"ButtonOperation","decl":{"start":{"line":1,"column":32},"end":{"line":24,"column":2}},"loc":{"start":{"line":1,"column":32},"end":{"line":24,"column":2}},"line":1},"1":{"name":"clearFields","decl":{"start":{"line":3,"column":22},"end":{"line":7,"column":4}},"loc":{"start":{"line":3,"column":22},"end":{"line":7,"column":4}},"line":3},"2":{"name":"sendOperation","decl":{"start":{"line":9,"column":24},"end":{"line":11,"column":4}},"loc":{"start":{"line":9,"column":24},"end":{"line":11,"column":4}},"line":9},"3":{"name":"onClick","decl":{"start":{"line":15,"column":15},"end":{"line":17,"column":9}},"loc":{"start":{"line":15,"column":15},"end":{"line":17,"column":9}},"line":15},"4":{"name":"get","decl":{"start":{"line":24,"column":1},"end":{"line":24,"column":2}},"loc":{"start":{"line":24,"column":1},"end":{"line":24,"column":2}},"line":24}},"f":{"0":105,"1":0,"2":4,"3":4,"4":105}}
,"/Users/victor/cigam-desafio/calculadora/src/components/CardCalculator.jsx": {"path":"/Users/victor/cigam-desafio/calculadora/src/components/CardCalculator.jsx","all":false,"statementMap":{"0":{"start":{"line":1,"column":0},"end":{"line":1,"column":33}},"1":{"start":{"line":2,"column":0},"end":{"line":2,"column":52}},"2":{"start":{"line":3,"column":0},"end":{"line":3,"column":56}},"3":{"start":{"line":4,"column":0},"end":{"line":4,"column":64}},"4":{"start":{"line":5,"column":0},"end":{"line":5,"column":0}},"5":{"start":{"line":6,"column":0},"end":{"line":6,"column":37}},"6":{"start":{"line":7,"column":0},"end":{"line":7,"column":53}},"7":{"start":{"line":8,"column":0},"end":{"line":8,"column":55}},"8":{"start":{"line":9,"column":0},"end":{"line":9,"column":49}},"9":{"start":{"line":10,"column":0},"end":{"line":10,"column":73}},"10":{"start":{"line":11,"column":0},"end":{"line":11,"column":0}},"11":{"start":{"line":12,"column":0},"end":{"line":12,"column":10}},"12":{"start":{"line":13,"column":0},"end":{"line":13,"column":58}},"13":{"start":{"line":14,"column":0},"end":{"line":14,"column":92}},"14":{"start":{"line":15,"column":0},"end":{"line":15,"column":6}},"15":{"start":{"line":16,"column":0},"end":{"line":16,"column":79}},"16":{"start":{"line":17,"column":0},"end":{"line":17,"column":14}},"17":{"start":{"line":18,"column":0},"end":{"line":18,"column":35}},"18":{"start":{"line":19,"column":0},"end":{"line":19,"column":29}},"19":{"start":{"line":20,"column":0},"end":{"line":20,"column":66}},"20":{"start":{"line":21,"column":0},"end":{"line":21,"column":91}},"21":{"start":{"line":22,"column":0},"end":{"line":22,"column":23}},"22":{"start":{"line":23,"column":0},"end":{"line":23,"column":10}},"23":{"start":{"line":24,"column":0},"end":{"line":24,"column":0}},"24":{"start":{"line":25,"column":0},"end":{"line":25,"column":14}},"25":{"start":{"line":26,"column":0},"end":{"line":26,"column":36}},"26":{"start":{"line":27,"column":0},"end":{"line":27,"column":30}},"27":{"start":{"line":28,"column":0},"end":{"line":28,"column":67}},"28":{"start":{"line":29,"column":0},"end":{"line":29,"column":91}},"29":{"start":{"line":30,"column":0},"end":{"line":30,"column":23}},"30":{"start":{"line":31,"column":0},"end":{"line":31,"column":10}},"31":{"start":{"line":32,"column":0},"end":{"line":32,"column":16}},"32":{"start":{"line":33,"column":0},"end":{"line":33,"column":0}},"33":{"start":{"line":34,"column":0},"end":{"line":34,"column":15}},"34":{"start":{"line":35,"column":0},"end":{"line":35,"column":10}},"35":{"start":{"line":36,"column":0},"end":{"line":36,"column":40}},"36":{"start":{"line":37,"column":0},"end":{"line":37,"column":21}},"37":{"start":{"line":38,"column":0},"end":{"line":38,"column":85}},"38":{"start":{"line":39,"column":0},"end":{"line":39,"column":9}},"39":{"start":{"line":40,"column":0},"end":{"line":40,"column":31}},"40":{"start":{"line":41,"column":0},"end":{"line":41,"column":12}},"41":{"start":{"line":42,"column":0},"end":{"line":42,"column":16}},"42":{"start":{"line":43,"column":0},"end":{"line":43,"column":0}},"43":{"start":{"line":44,"column":0},"end":{"line":44,"column":86}},"44":{"start":{"line":45,"column":0},"end":{"line":45,"column":63}},"45":{"start":{"line":46,"column":0},"end":{"line":46,"column":25}},"46":{"start":{"line":47,"column":0},"end":{"line":47,"column":31}},"47":{"start":{"line":48,"column":0},"end":{"line":48,"column":37}},"48":{"start":{"line":49,"column":0},"end":{"line":49,"column":41}},"49":{"start":{"line":50,"column":0},"end":{"line":50,"column":43}},"50":{"start":{"line":51,"column":0},"end":{"line":51,"column":12}},"51":{"start":{"line":52,"column":0},"end":{"line":52,"column":16}},"52":{"start":{"line":53,"column":0},"end":{"line":53,"column":14}},"53":{"start":{"line":54,"column":0},"end":{"line":54,"column":4}},"54":{"start":{"line":55,"column":0},"end":{"line":55,"column":2}}},"s":{"0":1,"1":1,"2":1,"3":1,"4":1,"5":1,"6":21,"7":21,"8":21,"9":21,"10":21,"11":21,"12":21,"13":21,"14":21,"15":21,"16":21,"17":21,"18":21,"19":21,"20":21,"21":21,"22":21,"23":21,"24":21,"25":21,"26":21,"27":21,"28":21,"29":21,"30":21,"31":21,"32":21,"33":21,"34":21,"35":21,"36":21,"37":21,"38":21,"39":21,"40":21,"41":21,"42":21,"43":21,"44":21,"45":21,"46":21,"47":21,"48":21,"49":21,"50":21,"51":21,"52":21,"53":21,"54":21},"branchMap":{"0":{"type":"branch","line":6,"loc":{"start":{"line":6,"column":30},"end":{"line":55,"column":2}},"locations":[{"start":{"line":6,"column":30},"end":{"line":55,"column":2}}]},"1":{"type":"branch","line":40,"loc":{"start":{"line":40,"column":12},"end":{"line":40,"column":28}},"locations":[{"start":{"line":40,"column":12},"end":{"line":40,"column":28}}]},"2":{"type":"branch","line":40,"loc":{"start":{"line":40,"column":20},"end":{"line":40,"column":31}},"locations":[{"start":{"line":40,"column":20},"end":{"line":40,"column":31}}]},"3":{"type":"branch","line":20,"loc":{"start":{"line":20,"column":21},"end":{"line":20,"column":51}},"locations":[{"start":{"line":20,"column":21},"end":{"line":20,"column":51}}]},"4":{"type":"branch","line":28,"loc":{"start":{"line":28,"column":21},"end":{"line":28,"column":52}},"locations":[{"start":{"line":28,"column":21},"end":{"line":28,"column":52}}]},"5":{"type":"branch","line":45,"loc":{"start":{"line":45,"column":33},"end":{"line":45,"column":28}},"locations":[{"start":{"line":45,"column":33},"end":{"line":45,"column":28}}]},"6":{"type":"branch","line":55,"loc":{"start":{"line":55,"column":1},"end":{"line":55,"column":2}},"locations":[{"start":{"line":55,"column":1},"end":{"line":55,"column":2}}]}},"b":{"0":[21],"1":[4],"2":[17],"3":[4],"4":[4],"5":[105],"6":[9]},"fnMap":{"0":{"name":"CardCalculator","decl":{"start":{"line":6,"column":30},"end":{"line":55,"column":2}},"loc":{"start":{"line":6,"column":30},"end":{"line":55,"column":2}},"line":6},"1":{"name":"onChange","decl":{"start":{"line":20,"column":21},"end":{"line":20,"column":51}},"loc":{"start":{"line":20,"column":21},"end":{"line":20,"column":51}},"line":20},"2":{"name":"onChange","decl":{"start":{"line":28,"column":21},"end":{"line":28,"column":52}},"loc":{"start":{"line":28,"column":21},"end":{"line":28,"column":52}},"line":28},"3":{"name":"get","decl":{"start":{"line":55,"column":1},"end":{"line":55,"column":2}},"loc":{"start":{"line":55,"column":1},"end":{"line":55,"column":2}},"line":55}},"f":{"0":21,"1":4,"2":4,"3":9}}
,"/Users/victor/cigam-desafio/calculadora/src/utils/operationFunctions.js": {"path":"/Users/victor/cigam-desafio/calculadora/src/utils/operationFunctions.js","all":false,"statementMap":{"0":{"start":{"line":1,"column":0},"end":{"line":1,"column":52}},"1":{"start":{"line":2,"column":0},"end":{"line":2,"column":52}},"2":{"start":{"line":3,"column":0},"end":{"line":3,"column":52}},"3":{"start":{"line":4,"column":0},"end":{"line":4,"column":53}},"4":{"start":{"line":5,"column":0},"end":{"line":5,"column":0}},"5":{"start":{"line":6,"column":0},"end":{"line":6,"column":75}},"6":{"start":{"line":7,"column":0},"end":{"line":7,"column":25}},"7":{"start":{"line":8,"column":0},"end":{"line":8,"column":42}},"8":{"start":{"line":9,"column":0},"end":{"line":9,"column":4}},"9":{"start":{"line":10,"column":0},"end":{"line":10,"column":25}},"10":{"start":{"line":11,"column":0},"end":{"line":11,"column":42}},"11":{"start":{"line":12,"column":0},"end":{"line":12,"column":4}},"12":{"start":{"line":13,"column":0},"end":{"line":13,"column":25}},"13":{"start":{"line":14,"column":0},"end":{"line":14,"column":42}},"14":{"start":{"line":15,"column":0},"end":{"line":15,"column":4}},"15":{"start":{"line":16,"column":0},"end":{"line":16,"column":25}},"16":{"start":{"line":17,"column":0},"end":{"line":17,"column":43}},"17":{"start":{"line":18,"column":0},"end":{"line":18,"column":4}},"18":{"start":{"line":19,"column":0},"end":{"line":19,"column":2}}},"s":{"0":1,"1":1,"2":1,"3":1,"4":1,"5":1,"6":25,"7":2,"8":2,"9":23,"10":2,"11":2,"12":21,"13":2,"14":2,"15":19,"16":2,"17":2,"18":25},"branchMap":{"0":{"type":"branch","line":2,"loc":{"start":{"line":2,"column":13},"end":{"line":2,"column":52}},"locations":[{"start":{"line":2,"column":13},"end":{"line":2,"column":52}}]},"1":{"type":"branch","line":3,"loc":{"start":{"line":3,"column":13},"end":{"line":3,"column":52}},"locations":[{"start":{"line":3,"column":13},"end":{"line":3,"column":52}}]},"2":{"type":"branch","line":4,"loc":{"start":{"line":4,"column":14},"end":{"line":4,"column":53}},"locations":[{"start":{"line":4,"column":14},"end":{"line":4,"column":53}}]},"3":{"type":"branch","line":6,"loc":{"start":{"line":6,"column":34},"end":{"line":19,"column":2}},"locations":[{"start":{"line":6,"column":34},"end":{"line":19,"column":2}}]},"4":{"type":"branch","line":8,"loc":{"start":{"line":8,"column":-1},"end":{"line":9,"column":4}},"locations":[{"start":{"line":8,"column":-1},"end":{"line":9,"column":4}}]},"5":{"type":"branch","line":10,"loc":{"start":{"line":10,"column":-1},"end":{"line":10,"column":25}},"locations":[{"start":{"line":10,"column":-1},"end":{"line":10,"column":25}}]},"6":{"type":"branch","line":11,"loc":{"start":{"line":11,"column":-1},"end":{"line":12,"column":4}},"locations":[{"start":{"line":11,"column":-1},"end":{"line":12,"column":4}}]},"7":{"type":"branch","line":13,"loc":{"start":{"line":13,"column":-1},"end":{"line":13,"column":25}},"locations":[{"start":{"line":13,"column":-1},"end":{"line":13,"column":25}}]},"8":{"type":"branch","line":14,"loc":{"start":{"line":14,"column":-1},"end":{"line":18,"column":4}},"locations":[{"start":{"line":14,"column":-1},"end":{"line":18,"column":4}}]},"9":{"type":"branch","line":14,"loc":{"start":{"line":14,"column":-1},"end":{"line":15,"column":4}},"locations":[{"start":{"line":14,"column":-1},"end":{"line":15,"column":4}}]},"10":{"type":"branch","line":16,"loc":{"start":{"line":16,"column":-1},"end":{"line":16,"column":25}},"locations":[{"start":{"line":16,"column":-1},"end":{"line":16,"column":25}}]},"11":{"type":"branch","line":17,"loc":{"start":{"line":17,"column":-1},"end":{"line":18,"column":4}},"locations":[{"start":{"line":17,"column":-1},"end":{"line":18,"column":4}}]}},"b":{"0":[2],"1":[2],"2":[2],"3":[25],"4":[2],"5":[23],"6":[2],"7":[21],"8":[22],"9":[2],"10":[19],"11":[2]},"fnMap":{"0":{"name":"sub","decl":{"start":{"line":2,"column":13},"end":{"line":2,"column":52}},"loc":{"start":{"line":2,"column":13},"end":{"line":2,"column":52}},"line":2},"1":{"name":"div","decl":{"start":{"line":3,"column":13},"end":{"line":3,"column":52}},"loc":{"start":{"line":3,"column":13},"end":{"line":3,"column":52}},"line":3},"2":{"name":"mult","decl":{"start":{"line":4,"column":14},"end":{"line":4,"column":53}},"loc":{"start":{"line":4,"column":14},"end":{"line":4,"column":53}},"line":4},"3":{"name":"controlOperations","decl":{"start":{"line":6,"column":34},"end":{"line":19,"column":2}},"loc":{"start":{"line":6,"column":34},"end":{"line":19,"column":2}},"line":6}},"f":{"0":2,"1":2,"2":2,"3":25}}
,"/Users/victor/cigam-desafio/calculadora/src/utils/operations.js": {"path":"/Users/victor/cigam-desafio/calculadora/src/utils/operations.js","all":false,"statementMap":{"0":{"start":{"line":1,"column":0},"end":{"line":1,"column":34}},"1":{"start":{"line":2,"column":0},"end":{"line":2,"column":7}},"2":{"start":{"line":3,"column":0},"end":{"line":3,"column":6}},"3":{"start":{"line":4,"column":0},"end":{"line":4,"column":6}},"4":{"start":{"line":5,"column":0},"end":{"line":5,"column":6}},"5":{"start":{"line":6,"column":0},"end":{"line":6,"column":5}},"6":{"start":{"line":7,"column":0},"end":{"line":7,"column":2}}},"s":{"0":1,"1":1,"2":1,"3":1,"4":1,"5":1,"6":1},"branchMap":{},"b":{},"fnMap":{},"f":{}}
}
